<?xml version="1.0" encoding="UTF-8"?>
<coverage generated="1654008773463" clover="3.2.0">
  <project timestamp="1654008773464" name="All files">
    <metrics statements="2" coveredstatements="2" conditionals="0" coveredconditionals="0" methods="1" coveredmethods="1" elements="3" coveredelements="3" complexity="0" loc="2" ncloc="2" packages="1" files="1" classes="1"/>
    <file name="MainNav.vue" path="C:\Users\josed\Documents\Vue.js\job-search-app\src\components\MainNav.vue">
      <metrics statements="2" coveredstatements="2" conditionals="0" coveredconditionals="0" methods="1" coveredmethods="1"/>
      <line num="20" count="1" type="stmt"/>
      <line num="25" count="1" type="stmt"/>
    </file>
  </project>
</coverage>
