{"C:\\Users\\josed\\Documents\\Vue.js\\job-search-app\\src\\components\\ActionButton.vue": {"path":"C:\\Users\\josed\\Documents\\Vue.js\\job-search-app\\src\\components\\ActionButton.vue","statementMap":{"0":{"start":{"line":21,"column":15},"end":{"line":21,"column":null}}},"fnMap":{"0":{"name":"(anonymous_0)","decl":{"start":{"line":23,"column":2},"end":{"line":23,"column":7}},"loc":{"start":{"line":23,"column":10},"end":{"line":25,"column":null}}}},"branchMap":{},"s":{"0":1},"f":{"0":4},"b":{}}
,"C:\\Users\\josed\\Documents\\Vue.js\\job-search-app\\src\\components\\ProfileImage.vue": {"path":"C:\\Users\\josed\\Documents\\Vue.js\\job-search-app\\src\\components\\ProfileImage.vue","statementMap":{"0":{"start":{"line":10,"column":15},"end":{"line":10,"column":null}},"1":{"start":{"line":15,"column":4},"end":{"line":15,"column":11}}},"fnMap":{"0":{"name":"(anonymous_0)","decl":{"start":{"line":12,"column":2},"end":{"line":12,"column":7}},"loc":{"start":{"line":12,"column":10},"end":{"line":18,"column":null}}}},"branchMap":{},"s":{"0":1,"1":1},"f":{"0":1},"b":{}}
}
